This is pdfTeX, Version 3.14159265-2.6-1.40.20 (MiKTeX 2.9.6960 64-bit) (preloaded format=pdflatex 2019.2.16)  23 OCT 2019 11:29
entering extended mode
**./idneuralcontrol.tex
(idneuralcontrol.tex
LaTeX2e <2018-12-01>
("D:\MiKTeX\MiKTeX 2.9\tex/latex/base\article.cls"
Document Class: article 2018/09/03 v1.4i Standard LaTeX document class
("D:\MiKTeX\MiKTeX 2.9\tex/latex/base\size10.clo"
File: size10.clo 2018/09/03 v1.4i Standard LaTeX file (size option)
)
\c@part=\count80
\c@section=\count81
\c@subsection=\count82
\c@subsubsection=\count83
\c@paragraph=\count84
\c@subparagraph=\count85
\c@figure=\count86
\c@table=\count87
\abovecaptionskip=\skip41
\belowcaptionskip=\skip42
\bibindent=\dimen102
)
("D:\MiKTeX\MiKTeX 2.9\tex/latex/base\inputenc.sty"
Package: inputenc 2018/08/11 v1.3c Input encoding file
\inpenc@prehook=\toks14
\inpenc@posthook=\toks15
)
("D:\MiKTeX\MiKTeX 2.9\tex/latex/base\fontenc.sty"
Package: fontenc 2018/08/11 v2.0j Standard LaTeX package

("D:\MiKTeX\MiKTeX 2.9\tex/latex/base\t1enc.def"
File: t1enc.def 2018/08/11 v2.0j Standard LaTeX file
LaTeX Font Info:    Redeclaring font encoding T1 on input line 48.
))
("D:\MiKTeX\MiKTeX 2.9\tex/latex/geometry\geometry.sty"
Package: geometry 2018/04/16 v5.8 Page Geometry

("D:\MiKTeX\MiKTeX 2.9\tex/latex/graphics\keyval.sty"
Package: keyval 2014/10/28 v1.15 key=value parser (DPC)
\KV@toks@=\toks16
)
("D:\MiKTeX\MiKTeX 2.9\tex/generic/oberdiek\ifpdf.sty"
Package: ifpdf 2018/09/07 v3.3 Provides the ifpdf switch
)
("D:\MiKTeX\MiKTeX 2.9\tex/generic/oberdiek\ifvtex.sty"
Package: ifvtex 2016/05/16 v1.6 Detect VTeX and its facilities (HO)
Package ifvtex Info: VTeX not detected.
)
("D:\MiKTeX\MiKTeX 2.9\tex/generic/ifxetex\ifxetex.sty"
Package: ifxetex 2010/09/12 v0.6 Provides ifxetex conditional
)
\Gm@cnth=\count88
\Gm@cntv=\count89
\c@Gm@tempcnt=\count90
\Gm@bindingoffset=\dimen103
\Gm@wd@mp=\dimen104
\Gm@odd@mp=\dimen105
\Gm@even@mp=\dimen106
\Gm@layoutwidth=\dimen107
\Gm@layoutheight=\dimen108
\Gm@layouthoffset=\dimen109
\Gm@layoutvoffset=\dimen110
\Gm@dimlist=\toks17

("D:\MiKTeX\MiKTeX 2.9\tex/latex/geometry\geometry.cfg"))
("D:\MiKTeX\MiKTeX 2.9\tex/latex/float\float.sty"
Package: float 2001/11/08 v1.3d Float enhancements (AL)
\c@float@type=\count91
\float@exts=\toks18
\float@box=\box27
\@float@everytoks=\toks19
\@floatcapt=\box28
)
("D:\MiKTeX\MiKTeX 2.9\tex/latex/graphics\graphicx.sty"
Package: graphicx 2017/06/01 v1.1a Enhanced LaTeX Graphics (DPC,SPQR)

("D:\MiKTeX\MiKTeX 2.9\tex/latex/graphics\graphics.sty"
Package: graphics 2017/06/25 v1.2c Standard LaTeX Graphics (DPC,SPQR)

("D:\MiKTeX\MiKTeX 2.9\tex/latex/graphics\trig.sty"
Package: trig 2016/01/03 v1.10 sin cos tan (DPC)
)
("D:\MiKTeX\MiKTeX 2.9\tex/latex/graphics-cfg\graphics.cfg"
File: graphics.cfg 2016/06/04 v1.11 sample graphics configuration
)
Package graphics Info: Driver file: pdftex.def on input line 99.

("D:\MiKTeX\MiKTeX 2.9\tex/latex/graphics-def\pdftex.def"
File: pdftex.def 2018/01/08 v1.0l Graphics/color driver for pdftex
))
\Gin@req@height=\dimen111
\Gin@req@width=\dimen112
)
("D:\MiKTeX\MiKTeX 2.9\tex/latex/caption\subcaption.sty"
Package: subcaption 2019/09/01 v1.3a Sub-captions (AR)

("D:\MiKTeX\MiKTeX 2.9\tex/latex/caption\caption.sty"
Package: caption 2019/09/01 v3.3d Customizing captions (AR)

("D:\MiKTeX\MiKTeX 2.9\tex/latex/caption\caption3.sty"
Package: caption3 2019/09/01 v1.8d caption3 kernel (AR)
Package caption3 Info: TeX engine: e-TeX on input line 64.
\captionmargin=\dimen113
\captionmargin@=\dimen114
\captionwidth=\dimen115
\caption@tempdima=\dimen116
\caption@indent=\dimen117
\caption@parindent=\dimen118
\caption@hangindent=\dimen119
)
\c@caption@flags=\count92
\c@ContinuedFloat=\count93
Package caption Info: float package is loaded.
)
\c@subfigure=\count94
\c@subtable=\count95
)
("D:\MiKTeX\MiKTeX 2.9\tex/latex/enumitem\enumitem.sty"
Package: enumitem 2019/02/04 v3.8 Customized lists
\labelindent=\skip43
\enit@outerparindent=\dimen120
\enit@toks=\toks20
\enit@inbox=\box29
\enit@count@id=\count96
\enitdp@description=\count97
)
("D:\MiKTeX\MiKTeX 2.9\tex/latex/easylist\easylist.sty"
Package: easylist 2014/01/11 v.1.4 Numbered items with a single command.
\el@CounterTotal=\count98
\el@Scratch=\count99
\el@ControlCounter=\count100
\el@CounterLevel=\count101
\c@List1=\count102
\c@List2=\count103
\c@List3=\count104
\c@List4=\count105
\c@List5=\count106
\c@List6=\count107
\c@List7=\count108
\c@List8=\count109
\c@List9=\count110
\c@List10=\count111
\el@ProgressiveDimension=\dimen121
\el@CounterBox=\box30
\el@ControlBox=\box31
\el@TotalMargin=\dimen122
\el@LeftMove=\dimen123
)
("D:\MiKTeX\MiKTeX 2.9\tex/latex/hyperref\hyperref.sty"
Package: hyperref 2018/11/30 v6.88e Hypertext links for LaTeX

("D:\MiKTeX\MiKTeX 2.9\tex/generic/oberdiek\hobsub-hyperref.sty"
Package: hobsub-hyperref 2016/05/16 v1.14 Bundle oberdiek, subset hyperref (HO)


("D:\MiKTeX\MiKTeX 2.9\tex/generic/oberdiek\hobsub-generic.sty"
Package: hobsub-generic 2016/05/16 v1.14 Bundle oberdiek, subset generic (HO)
Package: hobsub 2016/05/16 v1.14 Construct package bundles (HO)
Package: infwarerr 2016/05/16 v1.4 Providing info/warning/error messages (HO)
Package: ltxcmds 2016/05/16 v1.23 LaTeX kernel commands for general use (HO)
Package: ifluatex 2016/05/16 v1.4 Provides the ifluatex switch (HO)
Package ifluatex Info: LuaTeX not detected.
Package hobsub Info: Skipping package `ifvtex' (already loaded).
Package: intcalc 2016/05/16 v1.2 Expandable calculations with integers (HO)
Package hobsub Info: Skipping package `ifpdf' (already loaded).
Package: etexcmds 2016/05/16 v1.6 Avoid name clashes with e-TeX commands (HO)
Package: kvsetkeys 2016/05/16 v1.17 Key value parser (HO)
Package: kvdefinekeys 2016/05/16 v1.4 Define keys (HO)
Package: pdftexcmds 2018/09/10 v0.29 Utility functions of pdfTeX for LuaTeX (HO
)
Package pdftexcmds Info: LuaTeX not detected.
Package pdftexcmds Info: \pdf@primitive is available.
Package pdftexcmds Info: \pdf@ifprimitive is available.
Package pdftexcmds Info: \pdfdraftmode found.
Package: pdfescape 2016/05/16 v1.14 Implements pdfTeX's escape features (HO)
Package: bigintcalc 2016/05/16 v1.4 Expandable calculations on big integers (HO
)
Package: bitset 2016/05/16 v1.2 Handle bit-vector datatype (HO)
Package: uniquecounter 2016/05/16 v1.3 Provide unlimited unique counter (HO)
)
Package hobsub Info: Skipping package `hobsub' (already loaded).
Package: letltxmacro 2016/05/16 v1.5 Let assignment for LaTeX macros (HO)
Package: hopatch 2016/05/16 v1.3 Wrapper for package hooks (HO)
Package: xcolor-patch 2016/05/16 xcolor patch
Package: atveryend 2016/05/16 v1.9 Hooks at the very end of document (HO)
Package atveryend Info: \enddocument detected (standard20110627).
Package: atbegshi 2016/06/09 v1.18 At begin shipout hook (HO)
Package: refcount 2016/05/16 v3.5 Data extraction from label references (HO)
Package: hycolor 2016/05/16 v1.8 Color options for hyperref/bookmark (HO)
)
("D:\MiKTeX\MiKTeX 2.9\tex/latex/oberdiek\auxhook.sty"
Package: auxhook 2016/05/16 v1.4 Hooks for auxiliary files (HO)
)
("D:\MiKTeX\MiKTeX 2.9\tex/latex/oberdiek\kvoptions.sty"
Package: kvoptions 2016/05/16 v3.12 Key value format for package options (HO)
)
\@linkdim=\dimen124
\Hy@linkcounter=\count112
\Hy@pagecounter=\count113

("D:\MiKTeX\MiKTeX 2.9\tex/latex/hyperref\pd1enc.def"
File: pd1enc.def 2018/11/30 v6.88e Hyperref: PDFDocEncoding definition (HO)
Now handling font encoding PD1 ...
... no UTF-8 mapping file for font encoding PD1
)
\Hy@SavedSpaceFactor=\count114

("D:\MiKTeX\MiKTeX 2.9\tex/latex/00miktex\hyperref.cfg"
File: hyperref.cfg 2002/06/06 v1.2 hyperref configuration of TeXLive
)
Package hyperref Info: Hyper figures OFF on input line 4519.
Package hyperref Info: Link nesting OFF on input line 4524.
Package hyperref Info: Hyper index ON on input line 4527.
Package hyperref Info: Plain pages OFF on input line 4534.
Package hyperref Info: Backreferencing OFF on input line 4539.
Package hyperref Info: Implicit mode ON; LaTeX internals redefined.
Package hyperref Info: Bookmarks ON on input line 4772.
\c@Hy@tempcnt=\count115

("D:\MiKTeX\MiKTeX 2.9\tex/latex/url\url.sty"
\Urlmuskip=\muskip10
Package: url 2013/09/16  ver 3.4  Verb mode for urls, etc.
)
LaTeX Info: Redefining \url on input line 5125.
\XeTeXLinkMargin=\dimen125
\Fld@menulength=\count116
\Field@Width=\dimen126
\Fld@charsize=\dimen127
Package hyperref Info: Hyper figures OFF on input line 6380.
Package hyperref Info: Link nesting OFF on input line 6385.
Package hyperref Info: Hyper index ON on input line 6388.
Package hyperref Info: backreferencing OFF on input line 6395.
Package hyperref Info: Link coloring OFF on input line 6400.
Package hyperref Info: Link coloring with OCG OFF on input line 6405.
Package hyperref Info: PDF/A mode OFF on input line 6410.
LaTeX Info: Redefining \ref on input line 6450.
LaTeX Info: Redefining \pageref on input line 6454.
\Hy@abspage=\count117
\c@Item=\count118
\c@Hfootnote=\count119
)
Package hyperref Info: Driver (autodetected): hpdftex.

("D:\MiKTeX\MiKTeX 2.9\tex/latex/hyperref\hpdftex.def"
File: hpdftex.def 2018/11/30 v6.88e Hyperref driver for pdfTeX
\Fld@listcount=\count120
\c@bookmark@seq@number=\count121

("D:\MiKTeX\MiKTeX 2.9\tex/latex/oberdiek\rerunfilecheck.sty"
Package: rerunfilecheck 2016/05/16 v1.8 Rerun checks for auxiliary files (HO)
Package uniquecounter Info: New unique counter `rerunfilecheck' on input line 2
82.
)
\Hy@SectionHShift=\skip44
)
(idneuralcontrol.aux)
\openout1 = `idneuralcontrol.aux'.

LaTeX Font Info:    Checking defaults for OML/cmm/m/it on input line 63.
LaTeX Font Info:    ... okay on input line 63.
LaTeX Font Info:    Checking defaults for T1/cmr/m/n on input line 63.
LaTeX Font Info:    ... okay on input line 63.
LaTeX Font Info:    Checking defaults for OT1/cmr/m/n on input line 63.
LaTeX Font Info:    ... okay on input line 63.
LaTeX Font Info:    Checking defaults for OMS/cmsy/m/n on input line 63.
LaTeX Font Info:    ... okay on input line 63.
LaTeX Font Info:    Checking defaults for OMX/cmex/m/n on input line 63.
LaTeX Font Info:    ... okay on input line 63.
LaTeX Font Info:    Checking defaults for U/cmr/m/n on input line 63.
LaTeX Font Info:    ... okay on input line 63.
LaTeX Font Info:    Checking defaults for PD1/pdf/m/n on input line 63.
LaTeX Font Info:    ... okay on input line 63.

*geometry* driver: auto-detecting
*geometry* detected driver: pdftex
*geometry* verbose mode - [ preamble ] result:
* driver: pdftex
* paper: a4paper
* layout: <same size as paper>
* layoutoffset:(h,v)=(0.0pt,0.0pt)
* modes: 
* h-part:(L,W,R)=(71.13188pt, 455.24411pt, 71.13188pt)
* v-part:(T,H,B)=(71.13188pt, 672.50832pt, 101.40665pt)
* \paperwidth=597.50787pt
* \paperheight=845.04684pt
* \textwidth=455.24411pt
* \textheight=672.50832pt
* \oddsidemargin=-1.1381pt
* \evensidemargin=-1.1381pt
* \topmargin=-38.1381pt
* \headheight=12.0pt
* \headsep=25.0pt
* \topskip=10.0pt
* \footskip=30.0pt
* \marginparwidth=65.0pt
* \marginparsep=11.0pt
* \columnsep=10.0pt
* \skip\footins=9.0pt plus 4.0pt minus 2.0pt
* \hoffset=0.0pt
* \voffset=0.0pt
* \mag=1000
* \@twocolumnfalse
* \@twosidefalse
* \@mparswitchfalse
* \@reversemarginfalse
* (1in=72.27pt=25.4mm, 1cm=28.453pt)

("D:\MiKTeX\MiKTeX 2.9\tex/context/base\supp-pdf.mkii"
[Loading MPS to PDF converter (version 2006.09.02).]
\scratchcounter=\count122
\scratchdimen=\dimen128
\scratchbox=\box32
\nofMPsegments=\count123
\nofMParguments=\count124
\everyMPshowfont=\toks21
\MPscratchCnt=\count125
\MPscratchDim=\dimen129
\MPnumerator=\count126
\makeMPintoPDFobject=\count127
\everyMPtoPDFconversion=\toks22
) ("D:\MiKTeX\MiKTeX 2.9\tex/latex/oberdiek\epstopdf-base.sty"
Package: epstopdf-base 2016/05/15 v2.6 Base part for package epstopdf

("D:\MiKTeX\MiKTeX 2.9\tex/latex/oberdiek\grfext.sty"
Package: grfext 2016/05/16 v1.2 Manage graphics extensions (HO)
)
Package epstopdf-base Info: Redefining graphics rule for `.eps' on input line 4
38.
Package grfext Info: Graphics extension search list:
(grfext)             [.pdf,.png,.jpg,.mps,.jpeg,.jbig2,.jb2,.PDF,.PNG,.JPG,.JPE
G,.JBIG2,.JB2,.eps]
(grfext)             \AppendGraphicsExtensions on input line 456.
)
Package caption Info: Begin \AtBeginDocument code.
Package caption Info: hyperref package is loaded.
Package caption Info: End \AtBeginDocument code.
\AtBeginShipoutBox=\box33
Package hyperref Info: Link coloring OFF on input line 63.

("D:\MiKTeX\MiKTeX 2.9\tex/latex/hyperref\nameref.sty"
Package: nameref 2016/05/21 v2.44 Cross-referencing by name of section

("D:\MiKTeX\MiKTeX 2.9\tex/generic/oberdiek\gettitlestring.sty"
Package: gettitlestring 2016/05/16 v1.5 Cleanup title references (HO)
)
\c@section@level=\count128
)
LaTeX Info: Redefining \ref on input line 63.
LaTeX Info: Redefining \pageref on input line 63.
LaTeX Info: Redefining \nameref on input line 63.

(idneuralcontrol.out) (idneuralcontrol.out)
\@outlinefile=\write3
\openout3 = `idneuralcontrol.out'.

LaTeX Font Info:    External font `cmex10' loaded for size
(Font)              <12> on input line 67.
LaTeX Font Info:    External font `cmex10' loaded for size
(Font)              <8> on input line 67.
LaTeX Font Info:    External font `cmex10' loaded for size
(Font)              <6> on input line 67.
LaTeX Font Info:    Try loading font information for T1+cmtt on input line 67.

("D:\MiKTeX\MiKTeX 2.9\tex/latex/base\t1cmtt.fd"
File: t1cmtt.fd 2014/09/29 v2.5h Standard LaTeX font definitions
)
! Undefined control sequence.
<recently read> \And 
                     
l.67 
     
? 
[1

{C:/Users/Pablo/AppData/Local/MiKTeX/2.9/pdftex/config/pdftex.map}] [2]
(idneuralcontrol.toc)
\tf@toc=\write4
\openout4 = `idneuralcontrol.toc'.

 [3]
<../images/I_ex1_basicData.jpg, id=38, 702.625pt x 526.96875pt>
File: ../images/I_ex1_basicData.jpg Graphic file (type jpg)
<use ../images/I_ex1_basicData.jpg>
Package pdftex.def Info: ../images/I_ex1_basicData.jpg  used on input line 96.
(pdftex.def)             Requested size: 184.37135pt x 138.2791pt.
LaTeX Font Info:    External font `cmex10' loaded for size
(Font)              <7> on input line 99.
LaTeX Font Info:    External font `cmex10' loaded for size
(Font)              <5> on input line 99.
<../images/I_ex1_extendedData.jpg, id=39, 702.625pt x 526.96875pt>
File: ../images/I_ex1_extendedData.jpg Graphic file (type jpg)
<use ../images/I_ex1_extendedData.jpg>
Package pdftex.def Info: ../images/I_ex1_extendedData.jpg  used on input line 1
01.
(pdftex.def)             Requested size: 184.37135pt x 138.2791pt.
<../I_ex2/training_functions.jpg, id=43, 702.625pt x 526.96875pt>
File: ../I_ex2/training_functions.jpg Graphic file (type jpg)
<use ../I_ex2/training_functions.jpg>
Package pdftex.def Info: ../I_ex2/training_functions.jpg  used on input line 13
3.
(pdftex.def)             Requested size: 364.19667pt x 273.1569pt.


LaTeX Warning: `h' float specifier changed to `ht'.

<../images/I_ex3_performance_bodyfat_dataset.jpg, id=46, 702.625pt x 526.96875p
t>
File: ../images/I_ex3_performance_bodyfat_dataset.jpg Graphic file (type jpg)
<use ../images/I_ex3_performance_bodyfat_dataset.jpg>
Package pdftex.def Info: ../images/I_ex3_performance_bodyfat_dataset.jpg  used 
on input line 153.
(pdftex.def)             Requested size: 145.67644pt x 109.2515pt.
<../images/I_ex3_trainingstate_bodyfat_dataset.jpg, id=47, 702.625pt x 526.9687
5pt>
File: ../images/I_ex3_trainingstate_bodyfat_dataset.jpg Graphic file (type jpg)

<use ../images/I_ex3_trainingstate_bodyfat_dataset.jpg>
Package pdftex.def Info: ../images/I_ex3_trainingstate_bodyfat_dataset.jpg  use
d on input line 157.
(pdftex.def)             Requested size: 145.67644pt x 109.2515pt.
<../images/I_ex3_errorhistogram_bodyfat_dataset.jpg, id=48, 702.625pt x 526.968
75pt>
File: ../images/I_ex3_errorhistogram_bodyfat_dataset.jpg Graphic file (type jpg
)
<use ../images/I_ex3_errorhistogram_bodyfat_dataset.jpg>
Package pdftex.def Info: ../images/I_ex3_errorhistogram_bodyfat_dataset.jpg  us
ed on input line 161.
(pdftex.def)             Requested size: 145.67644pt x 109.2515pt.
<../images/I_ex3_regression_bodyfat_dataset.jpg, id=49, 627.34375pt x 627.34375
pt>
File: ../images/I_ex3_regression_bodyfat_dataset.jpg Graphic file (type jpg)
<use ../images/I_ex3_regression_bodyfat_dataset.jpg>
Package pdftex.def Info: ../images/I_ex3_regression_bodyfat_dataset.jpg  used o
n input line 165.
(pdftex.def)             Requested size: 145.67644pt x 145.67403pt.
[4 <../images/I_ex1_basicData.jpg> <../images/I_ex1_extendedData.jpg>] [5 <../I
_ex2/training_functions.jpg> <../images/I_ex3_performance_bodyfat_dataset.jpg> 
<../images/I_ex3_trainingstate_bodyfat_dataset.jpg> <../images/I_ex3_errorhisto
gram_bodyfat_dataset.jpg> <../images/I_ex3_regression_bodyfat_dataset.jpg>]
<../images/I_ex3_performance_bodyfat_dataset_div60-20-20.jpg, id=71, 702.625pt 
x 526.96875pt>
File: ../images/I_ex3_performance_bodyfat_dataset_div60-20-20.jpg Graphic file 
(type jpg)
<use ../images/I_ex3_performance_bodyfat_dataset_div60-20-20.jpg>
Package pdftex.def Info: ../images/I_ex3_performance_bodyfat_dataset_div60-20-2
0.jpg  used on input line 184.
(pdftex.def)             Requested size: 145.67644pt x 109.2515pt.
<../images/I_ex3_trainingstate_bodyfat_dataset_div60-20-20.jpg, id=72, 702.625p
t x 526.96875pt>
File: ../images/I_ex3_trainingstate_bodyfat_dataset_div60-20-20.jpg Graphic fil
e (type jpg)
<use ../images/I_ex3_trainingstate_bodyfat_dataset_div60-20-20.jpg>
Package pdftex.def Info: ../images/I_ex3_trainingstate_bodyfat_dataset_div60-20
-20.jpg  used on input line 188.
(pdftex.def)             Requested size: 145.67644pt x 109.2515pt.
<../images/I_ex3_errorhistogram_bodyfat_dataset_div60-20-20.jpg, id=73, 702.625
pt x 526.96875pt>
File: ../images/I_ex3_errorhistogram_bodyfat_dataset_div60-20-20.jpg Graphic fi
le (type jpg)
<use ../images/I_ex3_errorhistogram_bodyfat_dataset_div60-20-20.jpg>
Package pdftex.def Info: ../images/I_ex3_errorhistogram_bodyfat_dataset_div60-2
0-20.jpg  used on input line 192.
(pdftex.def)             Requested size: 145.67644pt x 109.2515pt.
<../images/I_ex3_regression_bodyfat_dataset_div60-20-20.jpg, id=74, 627.34375pt
 x 627.34375pt>
File: ../images/I_ex3_regression_bodyfat_dataset_div60-20-20.jpg Graphic file (
type jpg)
<use ../images/I_ex3_regression_bodyfat_dataset_div60-20-20.jpg>
Package pdftex.def Info: ../images/I_ex3_regression_bodyfat_dataset_div60-20-20
.jpg  used on input line 196.
(pdftex.def)             Requested size: 145.67644pt x 145.67403pt.
<../images/I_ex3_performance_bodyfat_dataset_trainbr.jpg, id=75, 702.625pt x 52
6.96875pt>
File: ../images/I_ex3_performance_bodyfat_dataset_trainbr.jpg Graphic file (typ
e jpg)
<use ../images/I_ex3_performance_bodyfat_dataset_trainbr.jpg>
Package pdftex.def Info: ../images/I_ex3_performance_bodyfat_dataset_trainbr.jp
g  used on input line 235.
(pdftex.def)             Requested size: 145.67644pt x 109.2515pt.
<../images/I_ex3_performance_bodyfat_dataset_trainrp.jpg, id=76, 702.625pt x 52
6.96875pt>
File: ../images/I_ex3_performance_bodyfat_dataset_trainrp.jpg Graphic file (typ
e jpg)
<use ../images/I_ex3_performance_bodyfat_dataset_trainrp.jpg>
Package pdftex.def Info: ../images/I_ex3_performance_bodyfat_dataset_trainrp.jp
g  used on input line 239.
(pdftex.def)             Requested size: 145.67644pt x 109.2515pt.
<../images/I_ex3_performance_bodyfat_dataset_trainoss.jpg, id=77, 702.625pt x 5
26.96875pt>
File: ../images/I_ex3_performance_bodyfat_dataset_trainoss.jpg Graphic file (ty
pe jpg)
<use ../images/I_ex3_performance_bodyfat_dataset_trainoss.jpg>
Package pdftex.def Info: ../images/I_ex3_performance_bodyfat_dataset_trainoss.j
pg  used on input line 243.
(pdftex.def)             Requested size: 145.67644pt x 109.2515pt.
<../images/I_ex3_performance_bodyfat_dataset_traingd.jpg, id=78, 702.625pt x 52
6.96875pt>
File: ../images/I_ex3_performance_bodyfat_dataset_traingd.jpg Graphic file (typ
e jpg)
<use ../images/I_ex3_performance_bodyfat_dataset_traingd.jpg>
Package pdftex.def Info: ../images/I_ex3_performance_bodyfat_dataset_traingd.jp
g  used on input line 247.
(pdftex.def)             Requested size: 145.67644pt x 109.2515pt.

[6 <../images/I_ex3_performance_bodyfat_dataset_div60-20-20.jpg> <../images/I_e
x3_trainingstate_bodyfat_dataset_div60-20-20.jpg> <../images/I_ex3_errorhistogr
am_bodyfat_dataset_div60-20-20.jpg> <../images/I_ex3_regression_bodyfat_dataset
_div60-20-20.jpg>]
<../images/I_ex3_trainingstate_bodyfat_dataset_trainbr.jpg, id=86, 702.625pt x 
526.96875pt>
File: ../images/I_ex3_trainingstate_bodyfat_dataset_trainbr.jpg Graphic file (t
ype jpg)
<use ../images/I_ex3_trainingstate_bodyfat_dataset_trainbr.jpg>
Package pdftex.def Info: ../images/I_ex3_trainingstate_bodyfat_dataset_trainbr.
jpg  used on input line 268.
(pdftex.def)             Requested size: 145.67644pt x 109.2515pt.
<../images/I_ex3_trainingstate_bodyfat_dataset_trainrp.jpg, id=87, 702.625pt x 
526.96875pt>
File: ../images/I_ex3_trainingstate_bodyfat_dataset_trainrp.jpg Graphic file (t
ype jpg)
<use ../images/I_ex3_trainingstate_bodyfat_dataset_trainrp.jpg>
Package pdftex.def Info: ../images/I_ex3_trainingstate_bodyfat_dataset_trainrp.
jpg  used on input line 272.
(pdftex.def)             Requested size: 145.67644pt x 109.2515pt.
<../images/I_ex3_trainingstate_bodyfat_dataset_trainoss.jpg, id=88, 702.625pt x
 526.96875pt>
File: ../images/I_ex3_trainingstate_bodyfat_dataset_trainoss.jpg Graphic file (
type jpg)
<use ../images/I_ex3_trainingstate_bodyfat_dataset_trainoss.jpg>
Package pdftex.def Info: ../images/I_ex3_trainingstate_bodyfat_dataset_trainoss
.jpg  used on input line 276.
(pdftex.def)             Requested size: 145.67644pt x 109.2515pt.
<../images/I_ex3_trainingstate_bodyfat_dataset_traingd.jpg, id=89, 702.625pt x 
526.96875pt>
File: ../images/I_ex3_trainingstate_bodyfat_dataset_traingd.jpg Graphic file (t
ype jpg)
<use ../images/I_ex3_trainingstate_bodyfat_dataset_traingd.jpg>
Package pdftex.def Info: ../images/I_ex3_trainingstate_bodyfat_dataset_traingd.
jpg  used on input line 280.
(pdftex.def)             Requested size: 145.67644pt x 109.2515pt.
 [7 <../images/I_ex3_performance_bodyfat_dataset_trainbr.jpg> <../images/I_ex3_
performance_bodyfat_dataset_trainrp.jpg> <../images/I_ex3_performance_bodyfat_d
ataset_trainoss.jpg> <../images/I_ex3_performance_bodyfat_dataset_traingd.jpg> 
<../images/I_ex3_trainingstate_bodyfat_dataset_trainbr.jpg> <../images/I_ex3_tr
ainingstate_bodyfat_dataset_trainrp.jpg> <../images/I_ex3_trainingstate_bodyfat
_dataset_trainoss.jpg> <../images/I_ex3_trainingstate_bodyfat_dataset_traingd.j
pg>]
<../images/I_ex3_errorhistogram_bodyfat_dataset_trainbr.jpg, id=101, 702.625pt 
x 526.96875pt>
File: ../images/I_ex3_errorhistogram_bodyfat_dataset_trainbr.jpg Graphic file (
type jpg)
<use ../images/I_ex3_errorhistogram_bodyfat_dataset_trainbr.jpg>
Package pdftex.def Info: ../images/I_ex3_errorhistogram_bodyfat_dataset_trainbr
.jpg  used on input line 301.
(pdftex.def)             Requested size: 145.67644pt x 109.2515pt.
<../images/I_ex3_errorhistogram_bodyfat_dataset_trainrp.jpg, id=102, 702.625pt 
x 526.96875pt>
File: ../images/I_ex3_errorhistogram_bodyfat_dataset_trainrp.jpg Graphic file (
type jpg)
<use ../images/I_ex3_errorhistogram_bodyfat_dataset_trainrp.jpg>
Package pdftex.def Info: ../images/I_ex3_errorhistogram_bodyfat_dataset_trainrp
.jpg  used on input line 305.
(pdftex.def)             Requested size: 145.67644pt x 109.2515pt.
<../images/I_ex3_errorhistogram_bodyfat_dataset_trainoss.jpg, id=103, 702.625pt
 x 526.96875pt>
File: ../images/I_ex3_errorhistogram_bodyfat_dataset_trainoss.jpg Graphic file 
(type jpg)
<use ../images/I_ex3_errorhistogram_bodyfat_dataset_trainoss.jpg>
Package pdftex.def Info: ../images/I_ex3_errorhistogram_bodyfat_dataset_trainos
s.jpg  used on input line 309.
(pdftex.def)             Requested size: 145.67644pt x 109.2515pt.
<../images/I_ex3_errorhistogram_bodyfat_dataset_traingd.jpg, id=104, 702.625pt 
x 526.96875pt>
File: ../images/I_ex3_errorhistogram_bodyfat_dataset_traingd.jpg Graphic file (
type jpg)
<use ../images/I_ex3_errorhistogram_bodyfat_dataset_traingd.jpg>
Package pdftex.def Info: ../images/I_ex3_errorhistogram_bodyfat_dataset_traingd
.jpg  used on input line 313.
(pdftex.def)             Requested size: 145.67644pt x 109.2515pt.
<../images/I_ex3_regression_bodyfat_dataset_trainbr.jpg, id=105, 627.34375pt x 
627.34375pt>
File: ../images/I_ex3_regression_bodyfat_dataset_trainbr.jpg Graphic file (type
 jpg)
<use ../images/I_ex3_regression_bodyfat_dataset_trainbr.jpg>
Package pdftex.def Info: ../images/I_ex3_regression_bodyfat_dataset_trainbr.jpg
  used on input line 327.
(pdftex.def)             Requested size: 145.67644pt x 145.67403pt.
<../images/I_ex3_regression_bodyfat_dataset_trainrp.jpg, id=106, 627.34375pt x 
627.34375pt>
File: ../images/I_ex3_regression_bodyfat_dataset_trainrp.jpg Graphic file (type
 jpg)
<use ../images/I_ex3_regression_bodyfat_dataset_trainrp.jpg>
Package pdftex.def Info: ../images/I_ex3_regression_bodyfat_dataset_trainrp.jpg
  used on input line 331.
(pdftex.def)             Requested size: 145.67644pt x 145.67403pt.
<../images/I_ex3_regression_bodyfat_dataset_trainoss.jpg, id=107, 627.34375pt x
 627.34375pt>
File: ../images/I_ex3_regression_bodyfat_dataset_trainoss.jpg Graphic file (typ
e jpg)
<use ../images/I_ex3_regression_bodyfat_dataset_trainoss.jpg>
Package pdftex.def Info: ../images/I_ex3_regression_bodyfat_dataset_trainoss.jp
g  used on input line 335.
(pdftex.def)             Requested size: 145.67644pt x 145.67403pt.
<../images/I_ex3_regression_bodyfat_dataset_traingd.jpg, id=108, 627.34375pt x 
627.34375pt>
File: ../images/I_ex3_regression_bodyfat_dataset_traingd.jpg Graphic file (type
 jpg)
<use ../images/I_ex3_regression_bodyfat_dataset_traingd.jpg>
Package pdftex.def Info: ../images/I_ex3_regression_bodyfat_dataset_traingd.jpg
  used on input line 339.
(pdftex.def)             Requested size: 145.67644pt x 145.67403pt.
 [8 <../images/I_ex3_errorhistogram_bodyfat_dataset_trainbr.jpg> <../images/I_e
x3_errorhistogram_bodyfat_dataset_trainrp.jpg> <../images/I_ex3_errorhistogram_
bodyfat_dataset_trainoss.jpg> <../images/I_ex3_errorhistogram_bodyfat_dataset_t
raingd.jpg>]
Package atveryend Info: Empty hook `BeforeClearDocument' on input line 344.
 [9 <../images/I_ex3_regression_bodyfat_dataset_trainbr.jpg> <../images/I_ex3_r
egression_bodyfat_dataset_trainrp.jpg> <../images/I_ex3_regression_bodyfat_data
set_trainoss.jpg> <../images/I_ex3_regression_bodyfat_dataset_traingd.jpg>]
Package atveryend Info: Empty hook `AfterLastShipout' on input line 344.
 (idneuralcontrol.aux)
Package atveryend Info: Executing hook `AtVeryEndDocument' on input line 344.
Package atveryend Info: Executing hook `AtEndAfterFileList' on input line 344.
Package rerunfilecheck Info: File `idneuralcontrol.out' has not changed.
(rerunfilecheck)             Checksum: FFB9070117DA0444D19110ADD7A59645;220.
Package atveryend Info: Empty hook `AtVeryVeryEnd' on input line 344.
 ) 
Here is how much of TeX's memory you used:
 7741 strings out of 492946
 121188 string characters out of 3138614
 218930 words of memory out of 3000000
 11518 multiletter control sequences out of 15000+200000
 17097 words of font info for 39 fonts, out of 3000000 for 9000
 1141 hyphenation exceptions out of 8191
 42i,8n,40p,273b,497s stack positions out of 5000i,500n,10000p,200000b,50000s
 <C:\Users\Pablo\AppData\Local\MiKTeX\2.9\fonts/pk/ljfour/jknappen/ec/dpi600\
ecti0800.pk> <C:\Users\Pablo\AppData\Local\MiKTeX\2.9\fonts/pk/ljfour/jknappen/
ec/dpi600\ecti0900.pk> <C:\Users\Pablo\AppData\Local\MiKTeX\2.9\fonts/pk/ljfour
/jknappen/ec/dpi600\ecrm0800.pk> <C:\Users\Pablo\AppData\Local\MiKTeX\2.9\fonts
/pk/ljfour/jknappen/ec/dpi600\ecrm0600.pk> <C:\Users\Pablo\AppData\Local\MiKTeX
\2.9\fonts/pk/ljfour/jknappen/ec/dpi600\ecrm0700.pk> <C:\Users\Pablo\AppData\Lo
cal\MiKTeX\2.9\fonts/pk/ljfour/jknappen/ec/dpi600\ecti1000.pk> <C:\Users\Pablo\
AppData\Local\MiKTeX\2.9\fonts/pk/ljfour/jknappen/ec/dpi600\ecrm0900.pk> <C:\Us
ers\Pablo\AppData\Local\MiKTeX\2.9\fonts/pk/ljfour/jknappen/ec/dpi600\ecbx1000.
pk> <C:\Users\Pablo\AppData\Local\MiKTeX\2.9\fonts/pk/ljfour/jknappen/ec/dpi600
\ecbx1440.pk> <C:\Users\Pablo\AppData\Local\MiKTeX\2.9\fonts/pk/ljfour/jknappen
/ec/dpi600\ecrm1000.pk> <C:\Users\Pablo\AppData\Local\MiKTeX\2.9\fonts/pk/ljfou
r/jknappen/ec/dpi600\ectt1200.pk> <C:\Users\Pablo\AppData\Local\MiKTeX\2.9\font
s/pk/ljfour/jknappen/ec/dpi600\ecrm1200.pk> <C:\Users\Pablo\AppData\Local\MiKTe
X\2.9\fonts/pk/ljfour/jknappen/ec/dpi600\ecrm1728.pk><D:/MiKTeX/MiKTeX 2.9/font
s/type1/public/amsfonts/cm/cmmi10.pfb><D:/MiKTeX/MiKTeX 2.9/fonts/type1/public/
amsfonts/cm/cmr10.pfb><D:/MiKTeX/MiKTeX 2.9/fonts/type1/public/amsfonts/cm/cmr7
.pfb><D:/MiKTeX/MiKTeX 2.9/fonts/type1/public/amsfonts/cm/cmsy10.pfb>
Output written on idneuralcontrol.pdf (9 pages, 1202097 bytes).
PDF statistics:
 489 PDF objects out of 1000 (max. 8388607)
 25 named destinations out of 1000 (max. 500000)
 160 words of extra memory for PDF output out of 10000 (max. 10000000)

